                      
Deal Type: NI
Author: xin
Created: 3/21/2019 1:54:46 PM
Comments: 



Custom Report Contents:
FILED
D
I
BUSS
SICP
NAT
TIC
EXCH
IND
G
MGT
UNDF
SC
RE
GPCT
MGTPCT
UNDPCT
SCPCT
REPCT
TOTGMIL
AMT
PROCDS
RANK1_TOTDOLAMTPRO
P
SECUR
DESCR
CUR
MKT
SHFIL
TOTSHSFILED
FILEAMOUNT
TOTDOLAMTFILED
IPO
SH
PRIMSH
SECSH
TOT
SPIN:I
SPINB
SPINA
ASSETSPF
ASSETS
LTD
STD
LTDEQ
STDCAP
LCAP
TOTD1
DCAP
DEQ
COM
CCAP
COMBEF
PFD
PCAP
BOOKSHB
MVALB
PBOOKB
OUTSTANDING
PR1DB
PR2WB
INSIDESHBPCT
BOOKSH
MVAL
PBOOK
FOLLOWONS
PR1DAY
PR1WK
PR2DAYS
PR2WK
PR180DAYS
PR4WK
PR60DAYS
PR90DAYS
PR365DAYS
