                      
Deal Type: NI
Author: xin
Created: 4/28/2019 2:14:11 PM
Comments: 



Custom Report Contents:
EVENT_HISTORY_DATE
D
LAUNCH_DATE
FILED
I
BUSS
SICP
ST
NAT
TIC
EXCH
IND
AMT
TOTDOLAMT
PROCDS
SECUR
DESCR
CUR
MKT
SHFIL
TOTSHSFILED
FILEAMOUNT
TOTDOLAMTFILED
IPO
SH
PRIMSH
SECSH
CU
TOT
SPINB
SPINA
CUSIP9
IP
UPCUSIP
ASSETSPF
ASSETS
LTD
LCAP
STD
STDCAP
TOTD1
DCAP
TOTALTD
DS_MARKETRATIO
TCAP1
BOOKSHB
COMBEF
PBOOKB
OUTSTANDING
MVALB
INSIDESHBPCT
NEWOUT
BOOKSH
COM
MVAL
PFD
PBOOK
OUTPF
TOTEQ
DIL
DS_TICKER
TIC
UPTIC
IRSNUM
TOTFILEAMT2
FILEAMT2
AMDAT
TOTPRIMSHARESFILED2AMT
PRIMSHARESFILED2AMT
TOTPRSHFIL2
PRSHFIL2
AMND
TOTSECSHARESFILED2AMT
SECSHARESFILED2AMT
TOTSECSHFIL2
TOTSECSHFIL2PCT
SECSHFIL2PCT
SECSHFL2
TOTSHFIL2
SHFIL2
AH_NOTES
AH_AMDAT
TOTPROSAMTUSD
COMPANY_CIK_CODE
IPODATE
DEAL_PCT_MKT
EVENT_HISTORY_TYPE_CODE
EVENT_HISTORY_TYPE_DESC
ISSUE_TYPE
ISSUE_TYPE_DESC
DAYSINREG
IPO_TO_PRESENT
NUMAMENDS
RANK1_NOTUNDERWRITTEN
FOLLOWONS
OFFERING_TECH
OFFERING_TECH_DESC
TOTORDSH
DIL
NEWOUT
TOTPRIMSHR_SHARES
TOTPRIMSHMIL
RIGHTS
TOTSECFIL
SECOUTPF
TOTSECSH
SECUR
SECURL
SHTYP
SHF
SHELF_TYPE
STD_BLKTRADE_ACCBOOK_ELIG_FLAG
STD_COMMON_STOCK_ELIG_FLAG
STD_COSTK_OPENOFFERS_ELIG_FLAG
TRANSACTION_B_TYPE
TRANS_STATUS
UOP
UOPMAIN
MASTER_DEAL_TYPE
R_TOTDOLAMTPRO
