                      
Deal Type: NI
Author: xin
Created: 3/21/2019 2:56:04 PM
Comments: 



Custom Report Contents:
FILED
D
I
BUSS
SICP
ST
NAT
TIC
EXCH
IND
G
MGT
UNDF
SC
RE
TOTGMIL
AMT
TOTDOLAMT
PROCDS
RANK1_TOTDOLAMTPRO
P
SECUR
DESCR
CUR
MKT
SHFIL
TOTSHSFILED
FILEAMOUNT
TOTDOLAMTFILED
IPO
SH
PRIMSH
SECSH
TOT
SPINB
SPINA
CU
CUSIP9
IP
UPCUSIP
ASSETSPF
ASSETS
LTD
LCAP
STD
STDCAP
TOTD1
DCAP
TOTALTD
DS_MARKETRATIO
TCAP1
BOOKSHB
COMBEF
PBOOKB
OUTSTANDING
MVALB
INSIDESHBPCT
NEWOUT
PR1DB
PR2WB
BOOKSH
COM
MVAL
PFD
PBOOK
OUTPF
TOTEQ
DIL
PR1DAY
PR1WK
PR2DAYS
PR2WK
PR180DAYS
PR365DAYS
PR4WK
PR60DAYS
PR90DAYS
DS_TICKER
TIC
UPTIC
IRSNUM
