This is pdfTeX, Version 3.14159265-2.6-1.40.19 (MiKTeX 2.9.6630 64-bit) (preloaded format=pdflatex 2018.4.14)  22 MAY 2019 16:54
entering extended mode
**./GOW_DataAppendix.tex
(GOW_DataAppendix.tex
LaTeX2e <2017-04-15>
Babel <3.18> and hyphenation patterns for 75 language(s) loaded.
("C:\Program Files\MiKTeX 2.9\tex\latex\base\article.cls"
Document Class: article 2014/09/29 v1.4h Standard LaTeX document class
("C:\Program Files\MiKTeX 2.9\tex\latex\base\size11.clo"
File: size11.clo 2014/09/29 v1.4h Standard LaTeX file (size option)
)
\c@part=\count79
\c@section=\count80
\c@subsection=\count81
\c@subsubsection=\count82
\c@paragraph=\count83
\c@subparagraph=\count84
\c@figure=\count85
\c@table=\count86
\abovecaptionskip=\skip41
\belowcaptionskip=\skip42
\bibindent=\dimen102
)
("C:\Program Files\MiKTeX 2.9\tex\latex\amsfonts\amsfonts.sty"
Package: amsfonts 2013/01/14 v3.01 Basic AMSFonts support
\@emptytoks=\toks14
\symAMSa=\mathgroup4
\symAMSb=\mathgroup5
LaTeX Font Info:    Overwriting math alphabet `\mathfrak' in version `bold'
(Font)                  U/euf/m/n --> U/euf/b/n on input line 106.
)
("C:\Program Files\MiKTeX 2.9\tex\latex\doublestroke\dsfont.sty"
Package: dsfont 1995/08/01 v0.1 Double stroke roman fonts
)
("C:\Program Files\MiKTeX 2.9\tex\latex\amsfonts\amssymb.sty"
Package: amssymb 2013/01/14 v3.01 AMS font symbols
)
("C:\Program Files\MiKTeX 2.9\tex\latex\amsmath\amsmath.sty"
Package: amsmath 2017/09/02 v2.17a AMS math features
\@mathmargin=\skip43

For additional information on amsmath, use the `?' option.
("C:\Program Files\MiKTeX 2.9\tex\latex\amsmath\amstext.sty"
Package: amstext 2000/06/29 v2.01 AMS text

("C:\Program Files\MiKTeX 2.9\tex\latex\amsmath\amsgen.sty"
File: amsgen.sty 1999/11/30 v2.0 generic functions
\@emptytoks=\toks15
\ex@=\dimen103
))
("C:\Program Files\MiKTeX 2.9\tex\latex\amsmath\amsbsy.sty"
Package: amsbsy 1999/11/29 v1.2d Bold Symbols
\pmbraise@=\dimen104
)
("C:\Program Files\MiKTeX 2.9\tex\latex\amsmath\amsopn.sty"
Package: amsopn 2016/03/08 v2.02 operator names
)
\inf@bad=\count87
LaTeX Info: Redefining \frac on input line 213.
\uproot@=\count88
\leftroot@=\count89
LaTeX Info: Redefining \overline on input line 375.
\classnum@=\count90
\DOTSCASE@=\count91
LaTeX Info: Redefining \ldots on input line 472.
LaTeX Info: Redefining \dots on input line 475.
LaTeX Info: Redefining \cdots on input line 596.
\Mathstrutbox@=\box26
\strutbox@=\box27
\big@size=\dimen105
LaTeX Font Info:    Redeclaring font encoding OML on input line 712.
LaTeX Font Info:    Redeclaring font encoding OMS on input line 713.
\macc@depth=\count92
\c@MaxMatrixCols=\count93
\dotsspace@=\muskip10
\c@parentequation=\count94
\dspbrk@lvl=\count95
\tag@help=\toks16
\row@=\count96
\column@=\count97
\maxfields@=\count98
\andhelp@=\toks17
\eqnshift@=\dimen106
\alignsep@=\dimen107
\tagshift@=\dimen108
\tagwidth@=\dimen109
\totwidth@=\dimen110
\lineht@=\dimen111
\@envbody=\toks18
\multlinegap=\skip44
\multlinetaggap=\skip45
\mathdisplay@stack=\toks19
LaTeX Info: Redefining \[ on input line 2817.
LaTeX Info: Redefining \] on input line 2818.
)
("C:\Program Files\MiKTeX 2.9\tex\latex\amscls\amsthm.sty"
Package: amsthm 2017/10/31 v2.20.4
\thm@style=\toks20
\thm@bodyfont=\toks21
\thm@headfont=\toks22
\thm@notefont=\toks23
\thm@headpunct=\toks24
\thm@preskip=\skip46
\thm@postskip=\skip47
\thm@headsep=\skip48
\dth@everypar=\toks25
)
("C:\Program Files\MiKTeX 2.9\tex\latex\bbm\bbm.sty"
Package: bbm 1999/03/15 V 1.2 provides fonts for set symbols - TH
LaTeX Font Info:    Overwriting math alphabet `\mathbbm' in version `bold'
(Font)                  U/bbm/m/n --> U/bbm/bx/n on input line 33.
LaTeX Font Info:    Overwriting math alphabet `\mathbbmss' in version `bold'
(Font)                  U/bbmss/m/n --> U/bbmss/bx/n on input line 35.
)
("C:\Program Files\MiKTeX 2.9\tex\latex\graphics\graphicx.sty"
Package: graphicx 2017/06/01 v1.1a Enhanced LaTeX Graphics (DPC,SPQR)

("C:\Program Files\MiKTeX 2.9\tex\latex\graphics\keyval.sty"
Package: keyval 2014/10/28 v1.15 key=value parser (DPC)
\KV@toks@=\toks26
)
("C:\Program Files\MiKTeX 2.9\tex\latex\graphics\graphics.sty"
Package: graphics 2017/06/25 v1.2c Standard LaTeX Graphics (DPC,SPQR)

("C:\Program Files\MiKTeX 2.9\tex\latex\graphics\trig.sty"
Package: trig 2016/01/03 v1.10 sin cos tan (DPC)
)
("C:\Program Files\MiKTeX 2.9\tex\latex\graphics-cfg\graphics.cfg"
File: graphics.cfg 2016/06/04 v1.11 sample graphics configuration
)
Package graphics Info: Driver file: pdftex.def on input line 99.

("C:\Program Files\MiKTeX 2.9\tex\latex\graphics-def\pdftex.def"
File: pdftex.def 2018/01/08 v1.0l Graphics/color driver for pdftex
))
\Gin@req@height=\dimen112
\Gin@req@width=\dimen113
)
("C:\Program Files\MiKTeX 2.9\tex\latex\hyperref\hyperref.sty"
Package: hyperref 2018/02/06 v6.86b Hypertext links for LaTeX

("C:\Program Files\MiKTeX 2.9\tex\generic\oberdiek\hobsub-hyperref.sty"
Package: hobsub-hyperref 2016/05/16 v1.14 Bundle oberdiek, subset hyperref (HO)


("C:\Program Files\MiKTeX 2.9\tex\generic\oberdiek\hobsub-generic.sty"
Package: hobsub-generic 2016/05/16 v1.14 Bundle oberdiek, subset generic (HO)
Package: hobsub 2016/05/16 v1.14 Construct package bundles (HO)
Package: infwarerr 2016/05/16 v1.4 Providing info/warning/error messages (HO)
Package: ltxcmds 2016/05/16 v1.23 LaTeX kernel commands for general use (HO)
Package: ifluatex 2016/05/16 v1.4 Provides the ifluatex switch (HO)
Package ifluatex Info: LuaTeX not detected.
Package: ifvtex 2016/05/16 v1.6 Detect VTeX and its facilities (HO)
Package ifvtex Info: VTeX not detected.
Package: intcalc 2016/05/16 v1.2 Expandable calculations with integers (HO)
Package: ifpdf 2017/03/15 v3.2 Provides the ifpdf switch
Package: etexcmds 2016/05/16 v1.6 Avoid name clashes with e-TeX commands (HO)
Package etexcmds Info: Could not find \expanded.
(etexcmds)             That can mean that you are not using pdfTeX 1.50 or
(etexcmds)             that some package has redefined \expanded.
(etexcmds)             In the latter case, load this package earlier.
Package: kvsetkeys 2016/05/16 v1.17 Key value parser (HO)
Package: kvdefinekeys 2016/05/16 v1.4 Define keys (HO)
Package: pdftexcmds 2018/01/21 v0.26 Utility functions of pdfTeX for LuaTeX (HO
)
Package pdftexcmds Info: LuaTeX not detected.
Package pdftexcmds Info: \pdf@primitive is available.
Package pdftexcmds Info: \pdf@ifprimitive is available.
Package pdftexcmds Info: \pdfdraftmode found.
Package: pdfescape 2016/05/16 v1.14 Implements pdfTeX's escape features (HO)
Package: bigintcalc 2016/05/16 v1.4 Expandable calculations on big integers (HO
)
Package: bitset 2016/05/16 v1.2 Handle bit-vector datatype (HO)
Package: uniquecounter 2016/05/16 v1.3 Provide unlimited unique counter (HO)
)
Package hobsub Info: Skipping package `hobsub' (already loaded).
Package: letltxmacro 2016/05/16 v1.5 Let assignment for LaTeX macros (HO)
Package: hopatch 2016/05/16 v1.3 Wrapper for package hooks (HO)
Package: xcolor-patch 2016/05/16 xcolor patch
Package: atveryend 2016/05/16 v1.9 Hooks at the very end of document (HO)
Package atveryend Info: \enddocument detected (standard20110627).
Package: atbegshi 2016/06/09 v1.18 At begin shipout hook (HO)
Package: refcount 2016/05/16 v3.5 Data extraction from label references (HO)
Package: hycolor 2016/05/16 v1.8 Color options for hyperref/bookmark (HO)
)
("C:\Program Files\MiKTeX 2.9\tex\generic\ifxetex\ifxetex.sty"
Package: ifxetex 2010/09/12 v0.6 Provides ifxetex conditional
)
("C:\Program Files\MiKTeX 2.9\tex\latex\oberdiek\auxhook.sty"
Package: auxhook 2016/05/16 v1.4 Hooks for auxiliary files (HO)
)
("C:\Program Files\MiKTeX 2.9\tex\latex\oberdiek\kvoptions.sty"
Package: kvoptions 2016/05/16 v3.12 Key value format for package options (HO)
)
\@linkdim=\dimen114
\Hy@linkcounter=\count99
\Hy@pagecounter=\count100

("C:\Program Files\MiKTeX 2.9\tex\latex\hyperref\pd1enc.def"
File: pd1enc.def 2018/02/06 v6.86b Hyperref: PDFDocEncoding definition (HO)
)
\Hy@SavedSpaceFactor=\count101

("C:\Program Files\MiKTeX 2.9\tex\latex\00miktex\hyperref.cfg"
File: hyperref.cfg 2002/06/06 v1.2 hyperref configuration of TeXLive
)
Package hyperref Info: Hyper figures OFF on input line 4509.
Package hyperref Info: Link nesting OFF on input line 4514.
Package hyperref Info: Hyper index ON on input line 4517.
Package hyperref Info: Plain pages OFF on input line 4524.
Package hyperref Info: Backreferencing OFF on input line 4529.
Package hyperref Info: Implicit mode ON; LaTeX internals redefined.
Package hyperref Info: Bookmarks ON on input line 4762.
\c@Hy@tempcnt=\count102

("C:\Program Files\MiKTeX 2.9\tex\latex\url\url.sty"
\Urlmuskip=\muskip11
Package: url 2013/09/16  ver 3.4  Verb mode for urls, etc.
)
LaTeX Info: Redefining \url on input line 5115.
\XeTeXLinkMargin=\dimen115
\Fld@menulength=\count103
\Field@Width=\dimen116
\Fld@charsize=\dimen117
Package hyperref Info: Hyper figures OFF on input line 6369.
Package hyperref Info: Link nesting OFF on input line 6374.
Package hyperref Info: Hyper index ON on input line 6377.
Package hyperref Info: backreferencing OFF on input line 6384.
Package hyperref Info: Link coloring OFF on input line 6389.
Package hyperref Info: Link coloring with OCG OFF on input line 6394.
Package hyperref Info: PDF/A mode OFF on input line 6399.
LaTeX Info: Redefining \ref on input line 6439.
LaTeX Info: Redefining \pageref on input line 6443.
\Hy@abspage=\count104
\c@Item=\count105
\c@Hfootnote=\count106
)
Package hyperref Info: Driver (autodetected): hpdftex.

("C:\Program Files\MiKTeX 2.9\tex\latex\hyperref\hpdftex.def"
File: hpdftex.def 2018/02/06 v6.86b Hyperref driver for pdfTeX
\Fld@listcount=\count107
\c@bookmark@seq@number=\count108

("C:\Program Files\MiKTeX 2.9\tex\latex\oberdiek\rerunfilecheck.sty"
Package: rerunfilecheck 2016/05/16 v1.8 Rerun checks for auxiliary files (HO)
Package uniquecounter Info: New unique counter `rerunfilecheck' on input line 2
82.
)
\Hy@SectionHShift=\skip49
)
("C:\Program Files\MiKTeX 2.9\tex\latex\geometry\geometry.sty"
Package: geometry 2010/09/12 v5.6 Page Geometry
\Gm@cnth=\count109
\Gm@cntv=\count110
\c@Gm@tempcnt=\count111
\Gm@bindingoffset=\dimen118
\Gm@wd@mp=\dimen119
\Gm@odd@mp=\dimen120
\Gm@even@mp=\dimen121
\Gm@layoutwidth=\dimen122
\Gm@layoutheight=\dimen123
\Gm@layouthoffset=\dimen124
\Gm@layoutvoffset=\dimen125
\Gm@dimlist=\toks27

("C:\Program Files\MiKTeX 2.9\tex\latex\geometry\geometry.cfg"))
("C:\Program Files\MiKTeX 2.9\tex\latex\caption\caption.sty"
Package: caption 2016/02/21 v3.3-144 Customizing captions (AR)

("C:\Program Files\MiKTeX 2.9\tex\latex\caption\caption3.sty"
Package: caption3 2016/05/22 v1.7-166 caption3 kernel (AR)
Package caption3 Info: TeX engine: e-TeX on input line 67.
\captionmargin=\dimen126
\captionmargin@=\dimen127
\captionwidth=\dimen128
\caption@tempdima=\dimen129
\caption@indent=\dimen130
\caption@parindent=\dimen131
\caption@hangindent=\dimen132
)
\c@ContinuedFloat=\count112
Package caption Info: hyperref package is loaded.
)
("C:\Program Files\MiKTeX 2.9\tex\latex\graphics\color.sty"
Package: color 2016/07/10 v1.1e Standard LaTeX Color (DPC)

("C:\Program Files\MiKTeX 2.9\tex\latex\graphics-cfg\color.cfg"
File: color.cfg 2016/01/02 v1.6 sample color configuration
)
Package color Info: Driver file: pdftex.def on input line 147.
)
("C:\Program Files\MiKTeX 2.9\tex\latex\tools\verbatim.sty"
Package: verbatim 2014/10/28 v1.5q LaTeX2e package for verbatim enhancements
\every@verbatim=\toks28
\verbatim@line=\toks29
\verbatim@in@stream=\read1
)
("C:\Program Files\MiKTeX 2.9\tex\latex\titlesec\titlesec.sty"
Package: titlesec 2016/03/21 v2.10.2 Sectioning titles
\ttl@box=\box28
\beforetitleunit=\skip50
\aftertitleunit=\skip51
\ttl@plus=\dimen133
\ttl@minus=\dimen134
\ttl@toksa=\toks30
\titlewidth=\dimen135
\titlewidthlast=\dimen136
\titlewidthfirst=\dimen137
)
("C:\Program Files\MiKTeX 2.9\tex\latex\booktabs\booktabs.sty"
Package: booktabs 2005/04/14 v1.61803 publication quality tables
\heavyrulewidth=\dimen138
\lightrulewidth=\dimen139
\cmidrulewidth=\dimen140
\belowrulesep=\dimen141
\belowbottomsep=\dimen142
\aboverulesep=\dimen143
\abovetopsep=\dimen144
\cmidrulesep=\dimen145
\cmidrulekern=\dimen146
\defaultaddspace=\dimen147
\@cmidla=\count113
\@cmidlb=\count114
\@aboverulesep=\dimen148
\@belowrulesep=\dimen149
\@thisruleclass=\count115
\@lastruleclass=\count116
\@thisrulewidth=\dimen150
)
("C:\Program Files\MiKTeX 2.9\tex\latex\multirow\multirow.sty"
Package: multirow 2016/11/25 v2.2 Span multiple rows of a table
\multirow@colwidth=\skip52
\multirow@cntb=\count117
\multirow@dima=\skip53
\bigstrutjot=\dimen151
)
("C:\Program Files\MiKTeX 2.9\tex\latex\tools\multicol.sty"
Package: multicol 2017/04/11 v1.8q multicolumn formatting (FMi)
\c@tracingmulticols=\count118
\mult@box=\box29
\multicol@leftmargin=\dimen152
\c@unbalance=\count119
\c@collectmore=\count120
\doublecol@number=\count121
\multicoltolerance=\count122
\multicolpretolerance=\count123
\full@width=\dimen153
\page@free=\dimen154
\premulticols=\dimen155
\postmulticols=\dimen156
\multicolsep=\skip54
\multicolbaselineskip=\skip55
\partial@page=\box30
\last@line=\box31
\maxbalancingoverflow=\dimen157
\mult@rightbox=\box32
\mult@grightbox=\box33
\mult@gfirstbox=\box34
\mult@firstbox=\box35
\@tempa=\box36
\@tempa=\box37
\@tempa=\box38
\@tempa=\box39
\@tempa=\box40
\@tempa=\box41
\@tempa=\box42
\@tempa=\box43
\@tempa=\box44
\@tempa=\box45
\@tempa=\box46
\@tempa=\box47
\@tempa=\box48
\@tempa=\box49
\@tempa=\box50
\@tempa=\box51
\@tempa=\box52
\c@columnbadness=\count124
\c@finalcolumnbadness=\count125
\last@try=\dimen158
\multicolovershoot=\dimen159
\multicolundershoot=\dimen160
\mult@nat@firstbox=\box53
\colbreak@box=\box54
\mc@col@check@num=\count126
)
("C:\Program Files\MiKTeX 2.9\tex\latex\framed\framed.sty"
Package: framed 2011/10/22 v 0.96: framed or shaded text with page breaks
\OuterFrameSep=\skip56
\fb@frw=\dimen161
\fb@frh=\dimen162
\FrameRule=\dimen163
\FrameSep=\dimen164
)
("C:\Program Files\MiKTeX 2.9\tex\latex\threeparttable\threeparttable.sty"
Package: threeparttable 2003/06/13  v 3.0
\@tempboxb=\box55
)
("C:\Program Files\MiKTeX 2.9\tex\latex\forloop\forloop.sty"
Package: forloop 2006/09/18 v3.0 For Loops for LaTeX

("C:\Program Files\MiKTeX 2.9\tex\latex\base\ifthen.sty"
Package: ifthen 2014/09/29 v1.1c Standard LaTeX ifthen package (DPC)
))
("C:\Program Files\MiKTeX 2.9\tex\latex\floatrow\floatrow.sty"
Package: floatrow 2008/08/02 v0.3b floatrow: float package extension
\c@float@type=\count127
\float@exts=\toks31
\float@box=\box56
\@floatcapt=\box57
Package floatrow Info: Modified float package code loaded on input line 455.
Package floatrow Info: Modified rotfloat package code loaded on input line 473.

\FR@everyfloat=\toks32
\flrow@foot=\insert199
\FB@wd=\dimen165
\FBo@wd=\dimen166
\FBc@wd=\dimen167
\FBo@ht=\skip57
\FBc@ht=\skip58
\FBf@ht=\skip59
\FBo@max=\skip60
\FBc@max=\skip61
\FBf@max=\skip62
\c@FBl@b=\count128
\floatbox@depth=\count129
\c@FRobj=\count130
\c@FRsobj=\count131
\Xhsize=\skip63
\sXhsize=\skip64
\Zhsize=\skip65
\sZhsize=\skip66
\flrow@rowbox=\box58
\FR@Zunitlength=\dimen168
\c@FBcnt=\count132
\FPOScnt=\count133
\LTleft=\skip67
\LTright=\skip68
\LTleft=\skip69
\LTright=\skip70
\flrow@types=\toks33
)
("C:\Program Files\MiKTeX 2.9\tex\latex\graphics\lscape.sty"
Package: lscape 2000/10/22 v3.01 Landscape Pages (DPC)
)
("C:\Program Files\MiKTeX 2.9\tex\latex\setspace\setspace.sty"
Package: setspace 2011/12/19 v6.7a set line spacing
)
("C:\Program Files\MiKTeX 2.9\tex\latex\tocloft\tocloft.sty"
Package: tocloft 2017/08/31 v2.3i parameterised ToC, etc., typesetting
Package tocloft Info: The document has section divisions on input line 51.
\cftparskip=\skip71
\cftbeforetoctitleskip=\skip72
\cftaftertoctitleskip=\skip73
\cftbeforepartskip=\skip74
\cftpartnumwidth=\skip75
\cftpartindent=\skip76
\cftbeforesecskip=\skip77
\cftsecindent=\skip78
\cftsecnumwidth=\skip79
\cftbeforesubsecskip=\skip80
\cftsubsecindent=\skip81
\cftsubsecnumwidth=\skip82
\cftbeforesubsubsecskip=\skip83
\cftsubsubsecindent=\skip84
\cftsubsubsecnumwidth=\skip85
\cftbeforeparaskip=\skip86
\cftparaindent=\skip87
\cftparanumwidth=\skip88
\cftbeforesubparaskip=\skip89
\cftsubparaindent=\skip90
\cftsubparanumwidth=\skip91
\cftbeforeloftitleskip=\skip92
\cftafterloftitleskip=\skip93
\cftbeforefigskip=\skip94
\cftfigindent=\skip95
\cftfignumwidth=\skip96
\c@lofdepth=\count134
\c@lotdepth=\count135
\cftbeforelottitleskip=\skip97
\cftafterlottitleskip=\skip98
\cftbeforetabskip=\skip99
\cfttabindent=\skip100
\cfttabnumwidth=\skip101
)
("C:\Program Files\MiKTeX 2.9\tex\latex\natbib\natbib.sty"
Package: natbib 2010/09/13 8.31b (PWD, AO)
\bibhang=\skip102
\bibsep=\skip103
LaTeX Info: Redefining \cite on input line 694.
\c@NAT@ctr=\count136
)
("C:\Program Files\MiKTeX 2.9\tex\latex\subfig\subfig.sty"
Package: subfig 2005/06/28 ver: 1.3 subfig package
\c@KVtest=\count137
\sf@farskip=\skip104
\sf@captopadj=\dimen169
\sf@capskip=\skip105
\sf@nearskip=\skip106
\c@subfigure=\count138
\c@subfigure@save=\count139
\c@subtable=\count140
\c@subtable@save=\count141
\sf@top=\skip107
\sf@bottom=\skip108
)
("C:\Program Files\MiKTeX 2.9\tex\latex\graphics\rotating.sty"
Package: rotating 2016/08/11 v2.16d rotated objects in LaTeX
\c@r@tfl@t=\count142
\rotFPtop=\skip109
\rotFPbot=\skip110
\rot@float@box=\box59
\rot@mess@toks=\toks34
)
("C:\Program Files\MiKTeX 2.9\tex\latex\tabu\tabu.sty"
Package: tabu 2011/02/26 v2.8 - flexible LaTeX tabulars (FC)

("C:\Program Files\MiKTeX 2.9\tex\latex\tools\array.sty"
Package: array 2016/10/06 v2.4d Tabular extension package (FMi)
\col@sep=\dimen170
\extrarowheight=\dimen171
\NC@list=\toks35
\extratabsurround=\skip111
\backup@length=\skip112
)
("C:\Program Files\MiKTeX 2.9\tex\latex\ltxmisc\varwidth.sty"
Package: varwidth 2009/03/30 ver 0.92;  Variable-width minipages
\@vwid@box=\box60
\sift@deathcycles=\count143
\@vwid@loff=\dimen172
\@vwid@roff=\dimen173
)
\c@taburow=\count144
\tabu@nbcols=\count145
\tabu@cnt=\count146
\tabu@Xcol=\count147
\tabu@alloc=\count148
\tabu@nested=\count149
\tabu@target=\dimen174
\tabu@spreadtarget=\dimen175
\tabu@naturalX=\dimen176
\tabucolX=\dimen177
\tabu@Xsum=\dimen178
\extrarowdepth=\dimen179
\abovetabulinesep=\dimen180
\belowtabulinesep=\dimen181
\tabustrutrule=\dimen182
\tabu@thebody=\toks36
\tabu@footnotes=\toks37
\tabu@box=\box61
\tabu@arstrutbox=\box62
\tabu@hleads=\box63
\tabu@vleads=\box64
\tabu@cellskip=\skip113
)
("C:\Program Files\MiKTeX 2.9\tex\latex\oberdiek\grffile.sty"
Package: grffile 2017/06/30 v1.18 Extended file name support for graphics (HO)
Package grffile Info: Option `multidot' is set to `true'.
Package grffile Info: Option `extendedchars' is set to `false'.
Package grffile Info: Option `space' is set to `true'.
Package grffile Info: \Gin@ii of package `graphicx' fixed on input line 494.
)
Package hyperref Info: Option `colorlinks' set `true' on input line 29.

(GOW_DataAppendix.aux

LaTeX Warning: Label `tab:addlabel' multiply defined.


LaTeX Warning: Label `tab:addlabel' multiply defined.


LaTeX Warning: Label `tab:addlabel' multiply defined.


LaTeX Warning: Label `tab:addlabel' multiply defined.


LaTeX Warning: Label `tab:addlabel' multiply defined.


LaTeX Warning: Label `tab:addlabel' multiply defined.


LaTeX Warning: Label `tab:addlabel' multiply defined.

)
\openout1 = `GOW_DataAppendix.aux'.

LaTeX Font Info:    Checking defaults for OML/cmm/m/it on input line 61.
LaTeX Font Info:    ... okay on input line 61.
LaTeX Font Info:    Checking defaults for T1/cmr/m/n on input line 61.
LaTeX Font Info:    ... okay on input line 61.
LaTeX Font Info:    Checking defaults for OT1/cmr/m/n on input line 61.
LaTeX Font Info:    ... okay on input line 61.
LaTeX Font Info:    Checking defaults for OMS/cmsy/m/n on input line 61.
LaTeX Font Info:    ... okay on input line 61.
LaTeX Font Info:    Checking defaults for OMX/cmex/m/n on input line 61.
LaTeX Font Info:    ... okay on input line 61.
LaTeX Font Info:    Checking defaults for U/cmr/m/n on input line 61.
LaTeX Font Info:    ... okay on input line 61.
LaTeX Font Info:    Checking defaults for PD1/pdf/m/n on input line 61.
LaTeX Font Info:    ... okay on input line 61.
 ("C:\Program Files\MiKTeX 2.9\tex\context\base\supp-pdf.mkii"
[Loading MPS to PDF converter (version 2006.09.02).]
\scratchcounter=\count150
\scratchdimen=\dimen183
\scratchbox=\box65
\nofMPsegments=\count151
\nofMParguments=\count152
\everyMPshowfont=\toks38
\MPscratchCnt=\count153
\MPscratchDim=\dimen184
\MPnumerator=\count154
\makeMPintoPDFobject=\count155
\everyMPtoPDFconversion=\toks39
) ("C:\Program Files\MiKTeX 2.9\tex\latex\oberdiek\epstopdf-base.sty"
Package: epstopdf-base 2016/05/15 v2.6 Base part for package epstopdf

("C:\Program Files\MiKTeX 2.9\tex\latex\oberdiek\grfext.sty"
Package: grfext 2016/05/16 v1.2 Manage graphics extensions (HO)
)
Package epstopdf-base Info: Redefining graphics rule for `.eps' on input line 4
38.
Package grfext Info: Graphics extension search list:
(grfext)             [.pdf,.png,.jpg,.mps,.jpeg,.jbig2,.jb2,.PDF,.PNG,.JPG,.JPE
G,.JBIG2,.JB2,.eps]
(grfext)             \AppendGraphicsExtensions on input line 456.
)
\AtBeginShipoutBox=\box66
Package hyperref Info: Link coloring ON on input line 61.

("C:\Program Files\MiKTeX 2.9\tex\latex\hyperref\nameref.sty"
Package: nameref 2016/05/21 v2.44 Cross-referencing by name of section

("C:\Program Files\MiKTeX 2.9\tex\generic\oberdiek\gettitlestring.sty"
Package: gettitlestring 2016/05/16 v1.5 Cleanup title references (HO)
)
\c@section@level=\count156
)
LaTeX Info: Redefining \ref on input line 61.
LaTeX Info: Redefining \pageref on input line 61.
LaTeX Info: Redefining \nameref on input line 61.

(GOW_DataAppendix.out) (GOW_DataAppendix.out)
\@outlinefile=\write3
\openout3 = `GOW_DataAppendix.out'.


*geometry* driver: auto-detecting
*geometry* detected driver: pdftex
*geometry* verbose mode - [ preamble ] result:
* driver: pdftex
* paper: <default>
* layout: <same size as paper>
* layoutoffset:(h,v)=(0.0pt,0.0pt)
* modes: 
* h-part:(L,W,R)=(72.26999pt, 469.75502pt, 72.26999pt)
* v-part:(T,H,B)=(72.26999pt, 650.43001pt, 72.26999pt)
* \paperwidth=614.295pt
* \paperheight=794.96999pt
* \textwidth=469.75502pt
* \textheight=650.43001pt
* \oddsidemargin=0.0pt
* \evensidemargin=0.0pt
* \topmargin=-37.0pt
* \headheight=12.0pt
* \headsep=25.0pt
* \topskip=11.0pt
* \footskip=30.0pt
* \marginparwidth=59.0pt
* \marginparsep=10.0pt
* \columnsep=10.0pt
* \skip\footins=10.0pt plus 4.0pt minus 2.0pt
* \hoffset=0.0pt
* \voffset=0.0pt
* \mag=1000
* \@twocolumnfalse
* \@twosidefalse
* \@mparswitchfalse
* \@reversemarginfalse
* (1in=72.27pt=25.4mm, 1cm=28.453pt)

Package caption Info: Begin \AtBeginDocument code.
Package caption Info: subfig package v1.3 is loaded.
Package caption Info: floatrow package is loaded.
Package caption Info: float package is loaded.
Package caption Info: floatrow package is loaded.
Package caption Info: rotating package is loaded.
Package caption Info: threeparttable package is loaded.
Package caption Info: End \AtBeginDocument code.
("C:\Program Files\MiKTeX 2.9\tex\latex\floatrow\fr-subfig.sty"
Package: fr-subfig 2007/12/24 v0.1g (beta) floatrow: additions for subfig
\FBsc@max=\skip114
\FBso@max=\skip115
)
LaTeX Font Info:    Try loading font information for U+msa on input line 70.

("C:\Program Files\MiKTeX 2.9\tex\latex\amsfonts\umsa.fd"
File: umsa.fd 2013/01/14 v3.01 AMS symbols A
)
LaTeX Font Info:    Try loading font information for U+msb on input line 70.

("C:\Program Files\MiKTeX 2.9\tex\latex\amsfonts\umsb.fd"
File: umsb.fd 2013/01/14 v3.01 AMS symbols B
)
LaTeX Font Info:    Try loading font information for OMS+cmr on input line 70.

("C:\Program Files\MiKTeX 2.9\tex\latex\base\omscmr.fd"
File: omscmr.fd 2014/09/29 v2.5h Standard LaTeX font definitions
)
LaTeX Font Info:    Font shape `OMS/cmr/m/n' in size <12> not available
(Font)              Font shape `OMS/cmsy/m/n' tried instead on input line 70.
LaTeX Font Info:    Font shape `OMS/cmr/m/n' in size <6> not available
(Font)              Font shape `OMS/cmsy/m/n' tried instead on input line 70.

Overfull \hbox (1.44711pt too wide) in paragraph at lines 78--107
 [][][][] 
 []

[1

{C:/Users/xguob/AppData/Local/MiKTeX/2.9/pdftex/config/pdftex.map}] [2]
[3]
LaTeX Font Info:    Try loading font information for U+dsrom on input line 204.

 ("C:\Program Files\MiKTeX 2.9\tex\latex\doublestroke\udsrom.fd"
File: Udsrom.fd 1995/08/01 v0.1 Double stroke roman font definitions
)
<../Macro_data/results/Paper/IRF2MS_EquityFin_Agg_Quarterly.pdf, id=96, 223.245
53pt x 265.8222pt>
File: ../Macro_data/results/Paper/IRF2MS_EquityFin_Agg_Quarterly.pdf Graphic fi
le (type pdf)
<use ../Macro_data/results/Paper/IRF2MS_EquityFin_Agg_Quarterly.pdf>
Package pdftex.def Info: ../Macro_data/results/Paper/IRF2MS_EquityFin_Agg_Quart
erly.pdf  used on input line 215.
(pdftex.def)             Requested size: 187.89914pt x 223.74341pt.
<../Macro_data/results/Paper/IRF2MS_DebtFin_Agg_Quarterly.pdf, id=97, 223.24553
pt x 265.8222pt>
File: ../Macro_data/results/Paper/IRF2MS_DebtFin_Agg_Quarterly.pdf Graphic file
 (type pdf)
<use ../Macro_data/results/Paper/IRF2MS_DebtFin_Agg_Quarterly.pdf>
Package pdftex.def Info: ../Macro_data/results/Paper/IRF2MS_DebtFin_Agg_Quarter
ly.pdf  used on input line 215.
(pdftex.def)             Requested size: 187.89914pt x 223.74341pt.
<../Macro_data/results/Paper/IRF2MS_EquityFin_CorVsNonCor_Quarterly.pdf, id=98,
 223.24553pt x 265.8222pt>
File: ../Macro_data/results/Paper/IRF2MS_EquityFin_CorVsNonCor_Quarterly.pdf Gr
aphic file (type pdf)
<use ../Macro_data/results/Paper/IRF2MS_EquityFin_CorVsNonCor_Quarterly.pdf>
Package pdftex.def Info: ../Macro_data/results/Paper/IRF2MS_EquityFin_CorVsNonC
or_Quarterly.pdf  used on input line 227.
(pdftex.def)             Requested size: 187.89914pt x 223.74341pt.
<../Macro_data/results/Paper/IRF2MS_NetIssuanceVsDiv_Cor_Quarterly.pdf, id=99, 
223.24553pt x 265.8222pt>
File: ../Macro_data/results/Paper/IRF2MS_NetIssuanceVsDiv_Cor_Quarterly.pdf Gra
phic file (type pdf)
<use ../Macro_data/results/Paper/IRF2MS_NetIssuanceVsDiv_Cor_Quarterly.pdf>
Package pdftex.def Info: ../Macro_data/results/Paper/IRF2MS_NetIssuanceVsDiv_Co
r_Quarterly.pdf  used on input line 227.
(pdftex.def)             Requested size: 187.89914pt x 223.74341pt.
 [4]
[5 <../Macro_data/results/Paper/IRF2MS_EquityFin_Agg_Quarterly.pdf> <../Macro_d
ata/results/Paper/IRF2MS_DebtFin_Agg_Quarterly.pdf

pdfTeX warning: pdflatex.exe (file ../Macro_data/results/Paper/IRF2MS_DebtFin_A
gg_Quarterly.pdf): PDF inclusion: multiple pdfs with page group included in a s
ingle page
>]
<../Macro_data/results/Paper/IRF2MS_EquityGrossIssuance_Cor_Quarterly.pdf, id=1
50, 223.24553pt x 265.8222pt>
File: ../Macro_data/results/Paper/IRF2MS_EquityGrossIssuance_Cor_Quarterly.pdf 
Graphic file (type pdf)
<use ../Macro_data/results/Paper/IRF2MS_EquityGrossIssuance_Cor_Quarterly.pdf>
Package pdftex.def Info: ../Macro_data/results/Paper/IRF2MS_EquityGrossIssuance
_Cor_Quarterly.pdf  used on input line 241.
(pdftex.def)             Requested size: 140.92793pt x 167.80959pt.
<../Macro_data/results/Paper/IRF2MS_SdcIpo_Quarterly.pdf, id=151, 227.49559pt x
 265.8222pt>
File: ../Macro_data/results/Paper/IRF2MS_SdcIpo_Quarterly.pdf Graphic file (typ
e pdf)
<use ../Macro_data/results/Paper/IRF2MS_SdcIpo_Quarterly.pdf>
Package pdftex.def Info: ../Macro_data/results/Paper/IRF2MS_SdcIpo_Quarterly.pd
f  used on input line 241.
(pdftex.def)             Requested size: 140.92793pt x 164.67421pt.
<../Macro_data/results/Paper/IRF2MS_SdcSeo_Quarterly.pdf, id=152, 227.49559pt x
 265.8222pt>
File: ../Macro_data/results/Paper/IRF2MS_SdcSeo_Quarterly.pdf Graphic file (typ
e pdf)
<use ../Macro_data/results/Paper/IRF2MS_SdcSeo_Quarterly.pdf>
Package pdftex.def Info: ../Macro_data/results/Paper/IRF2MS_SdcSeo_Quarterly.pd
f  used on input line 242.
(pdftex.def)             Requested size: 140.92793pt x 164.67421pt.
<../Macro_data/results/Paper/IRF2MS_IpoNum_Quarterly.pdf, id=153, 220.8844pt x 
265.8222pt>
File: ../Macro_data/results/Paper/IRF2MS_IpoNum_Quarterly.pdf Graphic file (typ
e pdf)
<use ../Macro_data/results/Paper/IRF2MS_IpoNum_Quarterly.pdf>
Package pdftex.def Info: ../Macro_data/results/Paper/IRF2MS_IpoNum_Quarterly.pd
f  used on input line 251.
(pdftex.def)             Requested size: 140.92793pt x 169.60239pt.
<../Macro_data/results/Paper/IRF2MS_SeoNum_Quarterly.pdf, id=154, 220.8844pt x 
265.8222pt>
File: ../Macro_data/results/Paper/IRF2MS_SeoNum_Quarterly.pdf Graphic file (typ
e pdf)
<use ../Macro_data/results/Paper/IRF2MS_SeoNum_Quarterly.pdf>
Package pdftex.def Info: ../Macro_data/results/Paper/IRF2MS_SeoNum_Quarterly.pd
f  used on input line 252.
(pdftex.def)             Requested size: 140.92793pt x 169.60239pt.
<../Macro_data/results/Paper/IRF2MS_SdcIpoNum_Quarterly.pdf, id=155, 220.8844pt
 x 265.8222pt>
File: ../Macro_data/results/Paper/IRF2MS_SdcIpoNum_Quarterly.pdf Graphic file (
type pdf)
<use ../Macro_data/results/Paper/IRF2MS_SdcIpoNum_Quarterly.pdf>
Package pdftex.def Info: ../Macro_data/results/Paper/IRF2MS_SdcIpoNum_Quarterly
.pdf  used on input line 253.
(pdftex.def)             Requested size: 140.92793pt x 169.60239pt.
<../Macro_data/results/Paper/IRF2MS_SdcSeoNum_Quarterly.pdf, id=156, 220.8844pt
 x 265.8222pt>
File: ../Macro_data/results/Paper/IRF2MS_SdcSeoNum_Quarterly.pdf Graphic file (
type pdf)
<use ../Macro_data/results/Paper/IRF2MS_SdcSeoNum_Quarterly.pdf>
Package pdftex.def Info: ../Macro_data/results/Paper/IRF2MS_SdcSeoNum_Quarterly
.pdf  used on input line 254.
(pdftex.def)             Requested size: 140.92793pt x 169.60239pt.
<../Macro_data/results/RobustnessCheck/IRF2MS_AggFlow_Quarterly.pdf, id=159, 61
5.36559pt x 393.29399pt>
File: ../Macro_data/results/RobustnessCheck/IRF2MS_AggFlow_Quarterly.pdf Graphi
c file (type pdf)
<use ../Macro_data/results/RobustnessCheck/IRF2MS_AggFlow_Quarterly.pdf>
Package pdftex.def Info: ../Macro_data/results/RobustnessCheck/IRF2MS_AggFlow_Q
uarterly.pdf  used on input line 263.
(pdftex.def)             Requested size: 328.82707pt x 210.16714pt.
 [6 <../Macro_data/results/Paper/IRF2MS_EquityFin_CorVsNonCor_Quarterly.pdf> <.
./Macro_data/results/Paper/IRF2MS_NetIssuanceVsDiv_Cor_Quarterly.pdf

pdfTeX warning: pdflatex.exe (file ../Macro_data/results/Paper/IRF2MS_NetIssuan
ceVsDiv_Cor_Quarterly.pdf): PDF inclusion: multiple pdfs with page group includ
ed in a single page
>] [7 <../Macro_data/results/Paper/IRF2MS_EquityGrossIssuance_Cor_Quarterly.pdf
> <../Macro_data/results/Paper/IRF2MS_SdcIpo_Quarterly.pdf

pdfTeX warning: pdflatex.exe (file ../Macro_data/results/Paper/IRF2MS_SdcIpo_Qu
arterly.pdf): PDF inclusion: multiple pdfs with page group included in a single
 page
> <../Macro_data/results/Paper/IRF2MS_SdcSeo_Quarterly.pdf

pdfTeX warning: pdflatex.exe (file ../Macro_data/results/Paper/IRF2MS_SdcSeo_Qu
arterly.pdf): PDF inclusion: multiple pdfs with page group included in a single
 page
> <../Macro_data/results/Paper/IRF2MS_IpoNum_Quarterly.pdf

pdfTeX warning: pdflatex.exe (file ../Macro_data/results/Paper/IRF2MS_IpoNum_Qu
arterly.pdf): PDF inclusion: multiple pdfs with page group included in a single
 page
> <../Macro_data/results/Paper/IRF2MS_SeoNum_Quarterly.pdf

pdfTeX warning: pdflatex.exe (file ../Macro_data/results/Paper/IRF2MS_SeoNum_Qu
arterly.pdf): PDF inclusion: multiple pdfs with page group included in a single
 page
> <../Macro_data/results/Paper/IRF2MS_SdcIpoNum_Quarterly.pdf

pdfTeX warning: pdflatex.exe (file ../Macro_data/results/Paper/IRF2MS_SdcIpoNum
_Quarterly.pdf): PDF inclusion: multiple pdfs with page group included in a sin
gle page
> <../Macro_data/results/Paper/IRF2MS_SdcSeoNum_Quarterly.pdf

pdfTeX warning: pdflatex.exe (file ../Macro_data/results/Paper/IRF2MS_SdcSeoNum
_Quarterly.pdf): PDF inclusion: multiple pdfs with page group included in a sin
gle page
>] [8 <../Macro_data/results/RobustnessCheck/IRF2MS_AggFlow_Quarterly.pdf>]
LaTeX Font Info:    Font shape `OMS/cmr/m/n' in size <10.95> not available
(Font)              Font shape `OMS/cmsy/m/n' tried instead on input line 278.

[9]
<../Micro_data/results/TableGraph/SumStat/CalHist_GapBusDays_Median.pdf, id=312
, 332.38794pt x 200.82597pt>
File: ../Micro_data/results/TableGraph/SumStat/CalHist_GapBusDays_Median.pdf Gr
aphic file (type pdf)
<use ../Micro_data/results/TableGraph/SumStat/CalHist_GapBusDays_Median.pdf>
Package pdftex.def Info: ../Micro_data/results/TableGraph/SumStat/CalHist_GapBu
sDays_Median.pdf  used on input line 316.
(pdftex.def)             Requested size: 234.8775pt x 141.91327pt.
<../Micro_data/results/TableGraph/SumStat/CalHist_ShelfIssueFlag_Mean.pdf, id=3
13, 332.38794pt x 200.82597pt>
File: ../Micro_data/results/TableGraph/SumStat/CalHist_ShelfIssueFlag_Mean.pdf 
Graphic file (type pdf)
<use ../Micro_data/results/TableGraph/SumStat/CalHist_ShelfIssueFlag_Mean.pdf>
Package pdftex.def Info: ../Micro_data/results/TableGraph/SumStat/CalHist_Shelf
IssueFlag_Mean.pdf  used on input line 317.
(pdftex.def)             Requested size: 234.8775pt x 141.91327pt.

Overfull \hbox (24.00002pt too wide) in paragraph at lines 315--319
 [][] 
 []

[10]
<../Micro_data/results/TableGraph/EventWinHistory/WinHist_AccRet_F_to07_Mean.pd
f, id=327, 332.38794pt x 218.17424pt>
File: ../Micro_data/results/TableGraph/EventWinHistory/WinHist_AccRet_F_to07_Me
an.pdf Graphic file (type pdf)
<use ../Micro_data/results/TableGraph/EventWinHistory/WinHist_AccRet_F_to07_Mea
n.pdf>
Package pdftex.def Info: ../Micro_data/results/TableGraph/EventWinHistory/WinHi
st_AccRet_F_to07_Mean.pdf  used on input line 357.
(pdftex.def)             Requested size: 155.02pt x 101.75624pt.
<../Micro_data/results/TableGraph/EventWinHistory/WinHist_AccRet_L_to07_Mean.pd
f, id=328, 332.38794pt x 218.17424pt>
File: ../Micro_data/results/TableGraph/EventWinHistory/WinHist_AccRet_L_to07_Me
an.pdf Graphic file (type pdf)
<use ../Micro_data/results/TableGraph/EventWinHistory/WinHist_AccRet_L_to07_Mea
n.pdf>
Package pdftex.def Info: ../Micro_data/results/TableGraph/EventWinHistory/WinHi
st_AccRet_L_to07_Mean.pdf  used on input line 358.
(pdftex.def)             Requested size: 155.02pt x 101.75624pt.
<../Micro_data/results/TableGraph/EventWinHistory/WinHist_AccRet_I_to07_Mean.pd
f, id=329, 332.38794pt x 218.17424pt>
File: ../Micro_data/results/TableGraph/EventWinHistory/WinHist_AccRet_I_to07_Me
an.pdf Graphic file (type pdf)
<use ../Micro_data/results/TableGraph/EventWinHistory/WinHist_AccRet_I_to07_Mea
n.pdf>
Package pdftex.def Info: ../Micro_data/results/TableGraph/EventWinHistory/WinHi
st_AccRet_I_to07_Mean.pdf  used on input line 359.
(pdftex.def)             Requested size: 155.02pt x 101.75624pt.
<../Micro_data/results/TableGraph/EventWinHistory/WinHist_Ret_F_to07_Mean.pdf, 
id=330, 342.94353pt x 218.17424pt>
File: ../Micro_data/results/TableGraph/EventWinHistory/WinHist_Ret_F_to07_Mean.
pdf Graphic file (type pdf)
<use ../Micro_data/results/TableGraph/EventWinHistory/WinHist_Ret_F_to07_Mean.p
df>
Package pdftex.def Info: ../Micro_data/results/TableGraph/EventWinHistory/WinHi
st_Ret_F_to07_Mean.pdf  used on input line 360.
(pdftex.def)             Requested size: 155.02pt x 98.62025pt.
<../Micro_data/results/TableGraph/EventWinHistory/WinHist_Ret_L_to07_Mean.pdf, 
id=331, 342.94353pt x 218.17424pt>
File: ../Micro_data/results/TableGraph/EventWinHistory/WinHist_Ret_L_to07_Mean.
pdf Graphic file (type pdf)
<use ../Micro_data/results/TableGraph/EventWinHistory/WinHist_Ret_L_to07_Mean.p
df>
Package pdftex.def Info: ../Micro_data/results/TableGraph/EventWinHistory/WinHi
st_Ret_L_to07_Mean.pdf  used on input line 361.
(pdftex.def)             Requested size: 155.02pt x 98.62025pt.
<../Micro_data/results/TableGraph/EventWinHistory/WinHist_Ret_I_to07_Mean.pdf, 
id=332, 342.94353pt x 218.17424pt>
File: ../Micro_data/results/TableGraph/EventWinHistory/WinHist_Ret_I_to07_Mean.
pdf Graphic file (type pdf)
<use ../Micro_data/results/TableGraph/EventWinHistory/WinHist_Ret_I_to07_Mean.p
df>
Package pdftex.def Info: ../Micro_data/results/TableGraph/EventWinHistory/WinHi
st_Ret_I_to07_Mean.pdf  used on input line 362.
(pdftex.def)             Requested size: 155.02pt x 98.62025pt.

Overfull \hbox (31.30504pt too wide) in paragraph at lines 356--364
 [][] 
 []

<../Micro_data/results/TableGraph/EventWinHistory/NarrowWinHist_AbRet_F_to07_Me
an.pdf, id=333, 344.4304pt x 218.17424pt>
File: ../Micro_data/results/TableGraph/EventWinHistory/NarrowWinHist_AbRet_F_to
07_Mean.pdf Graphic file (type pdf)
<use ../Micro_data/results/TableGraph/EventWinHistory/NarrowWinHist_AbRet_F_to0
7_Mean.pdf>
Package pdftex.def Info: ../Micro_data/results/TableGraph/EventWinHistory/Narro
wWinHist_AbRet_F_to07_Mean.pdf  used on input line 370.
(pdftex.def)             Requested size: 155.02pt x 98.19414pt.
<../Micro_data/results/TableGraph/EventWinHistory/NarrowWinHist_AbRet_L_to07_Me
an.pdf, id=334, 344.4304pt x 218.17424pt>
File: ../Micro_data/results/TableGraph/EventWinHistory/NarrowWinHist_AbRet_L_to
07_Mean.pdf Graphic file (type pdf)
<use ../Micro_data/results/TableGraph/EventWinHistory/NarrowWinHist_AbRet_L_to0
7_Mean.pdf>
Package pdftex.def Info: ../Micro_data/results/TableGraph/EventWinHistory/Narro
wWinHist_AbRet_L_to07_Mean.pdf  used on input line 371.
(pdftex.def)             Requested size: 155.02pt x 98.19414pt.
<../Micro_data/results/TableGraph/EventWinHistory/NarrowWinHist_AbRet_I_to07_Me
an.pdf, id=335, 344.4304pt x 218.17424pt>
File: ../Micro_data/results/TableGraph/EventWinHistory/NarrowWinHist_AbRet_I_to
07_Mean.pdf Graphic file (type pdf)
<use ../Micro_data/results/TableGraph/EventWinHistory/NarrowWinHist_AbRet_I_to0
7_Mean.pdf>
Package pdftex.def Info: ../Micro_data/results/TableGraph/EventWinHistory/Narro
wWinHist_AbRet_I_to07_Mean.pdf  used on input line 372.
(pdftex.def)             Requested size: 155.02pt x 98.19414pt.
<../Micro_data/results/TableGraph/EventWinHistory/WinHist_AccAbRet_F_to07_Mean.
pdf, id=336, 332.38794pt x 200.82597pt>
File: ../Micro_data/results/TableGraph/EventWinHistory/WinHist_AccAbRet_F_to07_
Mean.pdf Graphic file (type pdf)
<use ../Micro_data/results/TableGraph/EventWinHistory/WinHist_AccAbRet_F_to07_M
ean.pdf>
Package pdftex.def Info: ../Micro_data/results/TableGraph/EventWinHistory/WinHi
st_AccAbRet_F_to07_Mean.pdf  used on input line 373.
(pdftex.def)             Requested size: 155.02pt x 93.66502pt.
<../Micro_data/results/TableGraph/EventWinHistory/WinHist_AccAbRet_L_to07_Mean.
pdf, id=337, 332.38794pt x 200.82597pt>
File: ../Micro_data/results/TableGraph/EventWinHistory/WinHist_AccAbRet_L_to07_
Mean.pdf Graphic file (type pdf)
<use ../Micro_data/results/TableGraph/EventWinHistory/WinHist_AccAbRet_L_to07_M
ean.pdf>
Package pdftex.def Info: ../Micro_data/results/TableGraph/EventWinHistory/WinHi
st_AccAbRet_L_to07_Mean.pdf  used on input line 374.
(pdftex.def)             Requested size: 155.02pt x 93.66502pt.
<../Micro_data/results/TableGraph/EventWinHistory/WinHist_AccAbRet_I_to07_Mean.
pdf, id=338, 332.38794pt x 200.82597pt>
File: ../Micro_data/results/TableGraph/EventWinHistory/WinHist_AccAbRet_I_to07_
Mean.pdf Graphic file (type pdf)
<use ../Micro_data/results/TableGraph/EventWinHistory/WinHist_AccAbRet_I_to07_M
ean.pdf>
Package pdftex.def Info: ../Micro_data/results/TableGraph/EventWinHistory/WinHi
st_AccAbRet_I_to07_Mean.pdf  used on input line 375.
(pdftex.def)             Requested size: 155.02pt x 93.66502pt.

Overfull \hbox (31.30504pt too wide) in paragraph at lines 369--377
 [][] 
 []

[11 <../Micro_data/results/TableGraph/SumStat/CalHist_GapBusDays_Median.pdf> <.
./Micro_data/results/TableGraph/SumStat/CalHist_ShelfIssueFlag_Mean.pdf

pdfTeX warning: pdflatex.exe (file ../Micro_data/results/TableGraph/SumStat/Cal
Hist_ShelfIssueFlag_Mean.pdf): PDF inclusion: multiple pdfs with page group inc
luded in a single page
>] [12 <../Micro_data/results/TableGraph/EventWinHistory/WinHist_AccRet_F_to07_
Mean.pdf> <../Micro_data/results/TableGraph/EventWinHistory/WinHist_AccRet_L_to
07_Mean.pdf

pdfTeX warning: pdflatex.exe (file ../Micro_data/results/TableGraph/EventWinHis
tory/WinHist_AccRet_L_to07_Mean.pdf): PDF inclusion: multiple pdfs with page gr
oup included in a single page
> <../Micro_data/results/TableGraph/EventWinHistory/WinHist_AccRet_I_to07_Mean.
pdf

pdfTeX warning: pdflatex.exe (file ../Micro_data/results/TableGraph/EventWinHis
tory/WinHist_AccRet_I_to07_Mean.pdf): PDF inclusion: multiple pdfs with page gr
oup included in a single page
> <../Micro_data/results/TableGraph/EventWinHistory/WinHist_Ret_F_to07_Mean.pdf


pdfTeX warning: pdflatex.exe (file ../Micro_data/results/TableGraph/EventWinHis
tory/WinHist_Ret_F_to07_Mean.pdf): PDF inclusion: multiple pdfs with page group
 included in a single page
> <../Micro_data/results/TableGraph/EventWinHistory/WinHist_Ret_L_to07_Mean.pdf


pdfTeX warning: pdflatex.exe (file ../Micro_data/results/TableGraph/EventWinHis
tory/WinHist_Ret_L_to07_Mean.pdf): PDF inclusion: multiple pdfs with page group
 included in a single page
> <../Micro_data/results/TableGraph/EventWinHistory/WinHist_Ret_I_to07_Mean.pdf


pdfTeX warning: pdflatex.exe (file ../Micro_data/results/TableGraph/EventWinHis
tory/WinHist_Ret_I_to07_Mean.pdf): PDF inclusion: multiple pdfs with page group
 included in a single page
> <../Micro_data/results/TableGraph/EventWinHistory/NarrowWinHist_AbRet_F_to07_
Mean.pdf

pdfTeX warning: pdflatex.exe (file ../Micro_data/results/TableGraph/EventWinHis
tory/NarrowWinHist_AbRet_F_to07_Mean.pdf): PDF inclusion: multiple pdfs with pa
ge group included in a single page
> <../Micro_data/results/TableGraph/EventWinHistory/NarrowWinHist_AbRet_L_to07_
Mean.pdf

pdfTeX warning: pdflatex.exe (file ../Micro_data/results/TableGraph/EventWinHis
tory/NarrowWinHist_AbRet_L_to07_Mean.pdf): PDF inclusion: multiple pdfs with pa
ge group included in a single page
> <../Micro_data/results/TableGraph/EventWinHistory/NarrowWinHist_AbRet_I_to07_
Mean.pdf

pdfTeX warning: pdflatex.exe (file ../Micro_data/results/TableGraph/EventWinHis
tory/NarrowWinHist_AbRet_I_to07_Mean.pdf): PDF inclusion: multiple pdfs with pa
ge group included in a single page
> <../Micro_data/results/TableGraph/EventWinHistory/WinHist_AccAbRet_F_to07_Mea
n.pdf

pdfTeX warning: pdflatex.exe (file ../Micro_data/results/TableGraph/EventWinHis
tory/WinHist_AccAbRet_F_to07_Mean.pdf): PDF inclusion: multiple pdfs with page 
group included in a single page
> <../Micro_data/results/TableGraph/EventWinHistory/WinHist_AccAbRet_L_to07_Mea
n.pdf

pdfTeX warning: pdflatex.exe (file ../Micro_data/results/TableGraph/EventWinHis
tory/WinHist_AccAbRet_L_to07_Mean.pdf): PDF inclusion: multiple pdfs with page 
group included in a single page
> <../Micro_data/results/TableGraph/EventWinHistory/WinHist_AccAbRet_I_to07_Mea
n.pdf

pdfTeX warning: pdflatex.exe (file ../Micro_data/results/TableGraph/EventWinHis
tory/WinHist_AccAbRet_I_to07_Mean.pdf): PDF inclusion: multiple pdfs with page 
group included in a single page
>] [13] [14] [15]
Overfull \hbox (16.29199pt too wide) in paragraph at lines 515--529
 [][][] 
 []

[16] [17] (GOW_DataAppendix.bbl) [18]
Package atveryend Info: Empty hook `BeforeClearDocument' on input line 633.
Package atveryend Info: Empty hook `AfterLastShipout' on input line 633.
 (GOW_DataAppendix.aux)
Package atveryend Info: Executing hook `AtVeryEndDocument' on input line 633.
Package atveryend Info: Executing hook `AtEndAfterFileList' on input line 633.
Package rerunfilecheck Info: File `GOW_DataAppendix.out' has not changed.
(rerunfilecheck)             Checksum: 634143908C6DEFB691145469631DE9B4;764.


LaTeX Warning: There were multiply-defined labels.

Package atveryend Info: Empty hook `AtVeryVeryEnd' on input line 633.
 ) 
Here is how much of TeX's memory you used:
 10669 strings out of 493305
 164513 string characters out of 3138874
 280578 words of memory out of 3000000
 13943 multiletter control sequences out of 15000+200000
 18478 words of font info for 75 fonts, out of 3000000 for 9000
 1141 hyphenation exceptions out of 8191
 36i,18n,51p,1224b,520s stack positions out of 5000i,500n,10000p,200000b,50000s
pdfTeX warning (dest): name{figure.caption.14} has been referenced but does n
ot exist, replaced by a fixed one

pdfTeX warning (dest): name{Hfootnote.7} has been referenced but does not exist
, replaced by a fixed one

pdfTeX warning (dest): name{Hfootnote.6} has been referenced but does not exist
, replaced by a fixed one

pdfTeX warning (dest): name{Hfootnote.5} has been referenced but does not exist
, replaced by a fixed one

pdfTeX warning (dest): name{Hfootnote.4} has been referenced but does not exist
, replaced by a fixed one

pdfTeX warning (dest): name{Hfootnote.3} has been referenced but does not exist
, replaced by a fixed one

pdfTeX warning (dest): name{Hfootnote.2} has been referenced but does not exist
, replaced by a fixed one

pdfTeX warning (dest): name{Hfootnote.1} has been referenced but does not exist
, replaced by a fixed one

 <C:\Users\xguob\AppData\Local\MiKTeX\2.9\fonts\pk\ljfour\public\doublestroke\d
pi657\dsrom10.pk><C:/Program Files/MiKTeX 2.9/fonts/type1/public/amsfonts/cm/cm
bx10.pfb><C:/Program Files/MiKTeX 2.9/fonts/type1/public/amsfonts/cm/cmbx12.pfb
><C:/Program Files/MiKTeX 2.9/fonts/type1/public/amsfonts/cm/cmbx9.pfb><C:/Prog
ram Files/MiKTeX 2.9/fonts/type1/public/amsfonts/cm/cmcsc10.pfb><C:/Program Fil
es/MiKTeX 2.9/fonts/type1/public/amsfonts/cm/cmex10.pfb><C:/Program Files/MiKTe
X 2.9/fonts/type1/public/amsfonts/cm/cmmi10.pfb><C:/Program Files/MiKTeX 2.9/fo
nts/type1/public/amsfonts/cm/cmmi6.pfb><C:/Program Files/MiKTeX 2.9/fonts/type1
/public/amsfonts/cm/cmmi8.pfb><C:/Program Files/MiKTeX 2.9/fonts/type1/public/a
msfonts/cm/cmr10.pfb><C:/Program Files/MiKTeX 2.9/fonts/type1/public/amsfonts/c
m/cmr12.pfb><C:/Program Files/MiKTeX 2.9/fonts/type1/public/amsfonts/cm/cmr6.pf
b><C:/Program Files/MiKTeX 2.9/fonts/type1/public/amsfonts/cm/cmr8.pfb><C:/Prog
ram Files/MiKTeX 2.9/fonts/type1/public/amsfonts/cm/cmr9.pfb><C:/Program Files/
MiKTeX 2.9/fonts/type1/public/amsfonts/cm/cmsl10.pfb><C:/Program Files/MiKTeX 2
.9/fonts/type1/public/amsfonts/cm/cmsy10.pfb><C:/Program Files/MiKTeX 2.9/fonts
/type1/public/amsfonts/cm/cmsy6.pfb><C:/Program Files/MiKTeX 2.9/fonts/type1/pu
blic/amsfonts/cm/cmsy8.pfb><C:/Program Files/MiKTeX 2.9/fonts/type1/public/amsf
onts/cm/cmti10.pfb><C:/Program Files/MiKTeX 2.9/fonts/type1/public/amsfonts/cm/
cmti12.pfb><C:/Program Files/MiKTeX 2.9/fonts/type1/public/amsfonts/cm/cmtt10.p
fb><C:/Program Files/MiKTeX 2.9/fonts/type1/public/amsfonts/cm/cmtt8.pfb><C:/Pr
ogram Files/MiKTeX 2.9/fonts/type1/public/amsfonts/cm/cmtt9.pfb>
Output written on GOW_DataAppendix.pdf (18 pages, 692712 bytes).
PDF statistics:
 660 PDF objects out of 1000 (max. 8388607)
 108 named destinations out of 1000 (max. 500000)
 219 words of extra memory for PDF output out of 10000 (max. 10000000)

